<?xml version="1.0" encoding="UTF-8"?>
<testsuite xmlns:xsi="http://www.w3.org/2001/XMLSchema-instance" xsi:noNamespaceSchemaLocation="https://maven.apache.org/surefire/maven-surefire-plugin/xsd/surefire-test-report.xsd" name="io.swagger.api.CommentsApiControllerTest" time="2.992" tests="4" errors="0" skipped="0" failures="0">
  <properties>
[...]
</properties>
  <testcase name="updateComment_ShouldReturnUpdatedComment" classname="io.swagger.api.CommentsApiControllerTest" time="0.227"/>
  <testcase name="getCommentById_ShouldReturnComment" classname="io.swagger.api.CommentsApiControllerTest" time="0.006"/>
  <testcase name="deleteComment_ShouldReturnNoContent" classname="io.swagger.api.CommentsApiControllerTest" time="0.009"/>
  <testcase name="createComment_ShouldReturnCreated" classname="io.swagger.api.CommentsApiControllerTest" time="0.016"/>
</testsuite>